[2023-02-24T00:10:18.036] [INFO] AIRTABLE -  +-- Hierarchy view  
[2023-02-24T00:10:18.037] [INFO] AIRTABLE -   +-- 112-S3  
[2023-02-24T00:10:18.037] [INFO] AIRTABLE -   |  +-- K126160  
[2023-02-24T00:10:18.037] [INFO] AIRTABLE -   |  +-- RRM000219356  
[2023-02-24T00:10:18.037] [INFO] AIRTABLE -   |  |  +-- RRM000247013  
[2023-02-24T00:10:18.037] [INFO] AIRTABLE -   |  |  +-- RRM000247014  
[2023-02-24T00:10:18.037] [INFO] AIRTABLE -   |  |  +-- RRM000246764  
[2023-02-24T00:10:18.037] [INFO] AIRTABLE -   |  |  +-- RRM000246767  
[2023-02-24T00:10:18.037] [INFO] AIRTABLE -   |  |  +-- RRM000246780  
[2023-02-24T00:10:18.037] [INFO] AIRTABLE -   |  |  +-- RRM000247017  
[2023-02-24T00:10:18.037] [INFO] AIRTABLE -   |  |  +-- K126160  
[2023-02-24T00:10:18.037] [INFO] AIRTABLE -   |  |  +-- RRM000247018  
[2023-02-24T00:10:18.037] [INFO] AIRTABLE -   |  +-- RRM000385932  
[2023-02-24T00:10:18.038] [INFO] AIRTABLE -   |  |  +-- RRM000385975  
[2023-02-24T00:10:18.038] [INFO] AIRTABLE -   |  |  |  +-- RRM000385937  
[2023-02-24T00:10:18.038] [INFO] AIRTABLE -   |  |  |  +-- RRM200004255  
[2023-02-24T00:10:18.038] [INFO] AIRTABLE -   |  |  |  +-- RRM200042773  
[2023-02-24T00:10:18.038] [INFO] AIRTABLE -   |  |  |  +-- RRM200004607  
[2023-02-24T00:10:18.038] [INFO] AIRTABLE -   |  |  |  +-- RRM200004955  
[2023-02-24T00:10:18.038] [INFO] AIRTABLE -   |  |  |  +-- R119727A  
[2023-02-24T00:10:18.038] [INFO] AIRTABLE -   |  |  |  +-- R213853A  
[2023-02-24T00:10:18.038] [INFO] AIRTABLE -   |  |  |  +-- R133743A  
[2023-02-24T00:10:18.038] [INFO] AIRTABLE -   |  |  |  +-- F008296  
[2023-02-24T00:10:18.038] [INFO] AIRTABLE -   |  |  |  +-- RRM200040953  
[2023-02-24T00:10:18.038] [INFO] AIRTABLE -   |  |  |  +-- F008326  
[2023-02-24T00:10:18.038] [INFO] AIRTABLE -   |  |  |  +-- F062840  
[2023-02-24T00:10:18.039] [INFO] AIRTABLE -   |  |  |  +-- F063016  
[2023-02-24T00:10:18.039] [INFO] AIRTABLE -   |  |  |  +-- K152364  
[2023-02-24T00:10:18.039] [INFO] AIRTABLE -   |  |  |  +-- F062040  
[2023-02-24T00:10:18.039] [INFO] AIRTABLE -   |  |  |  +-- F088588  
[2023-02-24T00:10:18.039] [INFO] AIRTABLE -   |  |  |  +-- RRM200006241  
[2023-02-24T00:10:18.039] [INFO] AIRTABLE -   |  |  |  +-- F500408  
[2023-02-24T00:10:18.045] [INFO] AIRTABLE -   |  |  +-- RRM000385972  
[2023-02-24T00:10:18.046] [INFO] AIRTABLE -   |  |  |  +-- RRM000385939  
[2023-02-24T00:10:18.046] [INFO] AIRTABLE -   |  |  |  +-- RRM200039647  
[2023-02-24T00:10:18.046] [INFO] AIRTABLE -   |  |  |  +-- RRM200003390  
[2023-02-24T00:10:18.046] [INFO] AIRTABLE -   |  |  |  +-- RRM200003397  
[2023-02-24T00:10:18.046] [INFO] AIRTABLE -   |  |  |  +-- RRM200003621  
[2023-02-24T00:10:18.046] [INFO] AIRTABLE -   |  |  |  +-- RRM200003622  
[2023-02-24T00:10:18.046] [INFO] AIRTABLE -   |  |  |  +-- RRM200007592  
[2023-02-24T00:10:18.046] [INFO] AIRTABLE -   |  |  |  +-- RRM200003623  
[2023-02-24T00:10:18.047] [INFO] AIRTABLE -   |  |  |  +-- RRM200003624  
[2023-02-24T00:10:18.047] [INFO] AIRTABLE -   |  |  |  +-- RRM200003636  
[2023-02-24T00:10:18.047] [INFO] AIRTABLE -   |  |  |  +-- RRM200003638  
[2023-02-24T00:10:18.047] [INFO] AIRTABLE -   |  |  |  +-- RRM200003637  
[2023-02-24T00:10:18.047] [INFO] AIRTABLE -   |  |  |  +-- RRM200003639  
[2023-02-24T00:10:18.047] [INFO] AIRTABLE -   |  |  |  +-- RRM200003722  
[2023-02-24T00:10:18.047] [INFO] AIRTABLE -   |  |  |  +-- RRM200003726  
[2023-02-24T00:10:18.047] [INFO] AIRTABLE -   |  |  |  +-- RRM200010966  
[2023-02-24T00:10:18.047] [INFO] AIRTABLE -   |  |  |  +-- F019781  
[2023-02-24T00:10:18.047] [INFO] AIRTABLE -   |  |  |  +-- K152055  
[2023-02-24T00:10:18.047] [INFO] AIRTABLE -   |  |  |  +-- F500408  
[2023-02-24T00:10:18.048] [INFO] AIRTABLE -   |  |  |  +-- RRM200013652  
[2023-02-24T00:10:18.048] [INFO] AIRTABLE -   |  |  |  +-- K44151  
[2023-02-24T00:10:18.048] [INFO] AIRTABLE -   |  |  |  +-- F019433  
[2023-02-24T00:10:18.048] [INFO] AIRTABLE -   |  |  |  +-- RRM200008791  
[2023-02-24T00:10:18.048] [INFO] AIRTABLE -   |  |  +-- RRM200003636  
[2023-02-24T00:10:18.048] [INFO] AIRTABLE -   |  |  +-- RRM200007592  
[2023-02-24T00:10:18.048] [INFO] AIRTABLE -   |  |  +-- RRM200003637  
[2023-02-24T00:10:18.048] [INFO] AIRTABLE -   |  |  +-- RRM000385942  
[2023-02-24T00:10:18.048] [INFO] AIRTABLE -   |  |  +-- RRM000386018  
[2023-02-24T00:10:18.048] [INFO] AIRTABLE -   |  |  +-- RRM000386573  
[2023-02-24T00:10:18.048] [INFO] AIRTABLE -   |  |  +-- RRM200007722  
[2023-02-24T00:10:18.048] [INFO] AIRTABLE -   |  |  +-- RRM200007724  
[2023-02-24T00:10:18.049] [INFO] AIRTABLE -   |  |  +-- RRM200007723  
[2023-02-24T00:10:18.049] [INFO] AIRTABLE -   |  |  +-- RRM200007725  
[2023-02-24T00:10:18.049] [INFO] AIRTABLE -   |  |  +-- RRM000386014  
[2023-02-24T00:10:18.049] [INFO] AIRTABLE -   |  |  +-- RRM000385998  
[2023-02-24T00:10:18.049] [INFO] AIRTABLE -   |  |  +-- RRM200039901  
[2023-02-24T00:10:18.049] [INFO] AIRTABLE -   |  |  +-- RRM000386111  
[2023-02-24T00:10:18.049] [INFO] AIRTABLE -   |  |  +-- R213726A  
[2023-02-24T00:10:18.049] [INFO] AIRTABLE -   |  |  +-- RRM000388328  
[2023-02-24T00:10:18.049] [INFO] AIRTABLE -   |  |  +-- RRM000386382  
[2023-02-24T00:10:18.049] [INFO] AIRTABLE -   |  |  +-- RRM000386735  
[2023-02-24T00:10:18.049] [INFO] AIRTABLE -   |  |  +-- RRM000386743  
[2023-02-24T00:10:18.050] [INFO] AIRTABLE -   |  |  +-- F019781  
[2023-02-24T00:10:18.050] [INFO] AIRTABLE -   |  |  +-- RRM200010966  
[2023-02-24T00:10:18.050] [INFO] AIRTABLE -   |  |  +-- F019426  
[2023-02-24T00:10:18.050] [INFO] AIRTABLE -   |  |  +-- R155473A  
[2023-02-24T00:10:18.050] [INFO] AIRTABLE -   |  |  +-- RRM000387017  
[2023-02-24T00:10:18.050] [INFO] AIRTABLE -   |  |  +-- RRM000387182  
[2023-02-24T00:10:18.050] [INFO] AIRTABLE -   |  |  +-- RRM000387318  
[2023-02-24T00:10:18.050] [INFO] AIRTABLE -   |  |  +-- RRM000388317  
[2023-02-24T00:10:18.050] [INFO] AIRTABLE -   |  |  +-- RRM000388327  
[2023-02-24T00:10:18.050] [INFO] AIRTABLE -   |  |  +-- RRM000388516  
[2023-02-24T00:10:18.051] [INFO] AIRTABLE -   |  |  +-- RRM200003159  
[2023-02-24T00:10:18.051] [INFO] AIRTABLE -   |  |  +-- K110506  
[2023-02-24T00:10:18.051] [INFO] AIRTABLE -   |  |  +-- RRM200013652  
[2023-02-24T00:10:18.051] [INFO] AIRTABLE -   |  |  +-- RRM200011388  
[2023-02-24T00:10:18.051] [INFO] AIRTABLE -   |  |  +-- F019513  
[2023-02-24T00:10:18.052] [INFO] AIRTABLE -   |  |  +-- F019286  
[2023-02-24T00:10:18.052] [INFO] AIRTABLE -   |  |  +-- RRM200004272  
[2023-02-24T00:10:18.052] [INFO] AIRTABLE -   |  |  +-- F019826  
[2023-02-24T00:10:18.052] [INFO] AIRTABLE -   |  |  +-- F019555  
[2023-02-24T00:10:18.052] [INFO] AIRTABLE -   |  |  +-- RRM000390691  
[2023-02-24T00:10:18.052] [INFO] AIRTABLE -   |  |  +-- RRM000390792  
[2023-02-24T00:10:18.052] [INFO] AIRTABLE -   |  +-- RRM000385975  
[2023-02-24T00:10:18.052] [INFO] AIRTABLE -   |  +-- RRM000385972  
[2023-02-24T00:10:18.052] [INFO] AIRTABLE -   |  +-- RRM000390938  
[2023-02-24T00:10:18.052] [INFO] AIRTABLE -   |  |  +-- RRM200009910  
[2023-02-24T00:10:18.052] [INFO] AIRTABLE -   |  |  +-- RRM000270427  
[2023-02-24T00:10:18.052] [INFO] AIRTABLE -   |  |  +-- RRM000391013  
[2023-02-24T00:10:18.052] [INFO] AIRTABLE -   |  |  |  +-- RRM000241743  
[2023-02-24T00:10:18.052] [INFO] AIRTABLE -   |  |  |  +-- RRM000391017  
[2023-02-24T00:10:18.053] [INFO] AIRTABLE -   |  |  |  +-- RRM000391018  
[2023-02-24T00:10:18.053] [INFO] AIRTABLE -   |  |  |  +-- RRM000400351  
[2023-02-24T00:10:18.053] [INFO] AIRTABLE -   |  |  |  +-- RRM000294664  
[2023-02-24T00:10:18.053] [INFO] AIRTABLE -   |  |  |  +-- R959666C  
[2023-02-24T00:10:18.053] [INFO] AIRTABLE -   |  |  |  +-- RRM000241556  
[2023-02-24T00:10:18.053] [INFO] AIRTABLE -   |  |  |  +-- F500016  
[2023-02-24T00:10:18.053] [INFO] AIRTABLE -   |  |  |  +-- F019288  
[2023-02-24T00:10:18.053] [INFO] AIRTABLE -   |  |  |  +-- F019979  
[2023-02-24T00:10:18.053] [INFO] AIRTABLE -   |  |  |  +-- F500018  
[2023-02-24T00:10:18.053] [INFO] AIRTABLE -   |  |  +-- RRM000391011  
[2023-02-24T00:10:18.053] [INFO] AIRTABLE -   |  |  |  +-- RRM000396861  
[2023-02-24T00:10:18.053] [INFO] AIRTABLE -   |  |  |  +-- RRM000391015  
[2023-02-24T00:10:18.053] [INFO] AIRTABLE -   |  |  |  +-- RRM000391016  
[2023-02-24T00:10:18.054] [INFO] AIRTABLE -   |  |  |  +-- RRM000396864  
[2023-02-24T00:10:18.061] [INFO] AIRTABLE -   |  |  |  +-- RRM000294664  
[2023-02-24T00:10:18.061] [INFO] AIRTABLE -   |  |  |  +-- R959666B  
[2023-02-24T00:10:18.061] [INFO] AIRTABLE -   |  |  |  +-- RRM000241556  
[2023-02-24T00:10:18.061] [INFO] AIRTABLE -   |  |  |  +-- F500016  
[2023-02-24T00:10:18.061] [INFO] AIRTABLE -   |  |  |  +-- F019288  
[2023-02-24T00:10:18.061] [INFO] AIRTABLE -   |  |  |  +-- F019979  
[2023-02-24T00:10:18.061] [INFO] AIRTABLE -   |  |  |  +-- F500018  
[2023-02-24T00:10:18.061] [INFO] AIRTABLE -   |  |  +-- RRM000387316  
[2023-02-24T00:10:18.061] [INFO] AIRTABLE -   |  |  +-- RRM000387317  
[2023-02-24T00:10:18.061] [INFO] AIRTABLE -   |  |  +-- RRM000396874  
[2023-02-24T00:10:18.061] [INFO] AIRTABLE -   |  |  +-- F019415  
[2023-02-24T00:10:18.062] [INFO] AIRTABLE -   |  |  +-- K54628  
[2023-02-24T00:10:18.062] [INFO] AIRTABLE -   |  |  +-- RRM000400580  
[2023-02-24T00:10:18.062] [INFO] AIRTABLE -   |  |  +-- RRM200010289  
[2023-02-24T00:10:18.062] [INFO] AIRTABLE -   |  |  +-- K191640  
[2023-02-24T00:10:18.062] [INFO] AIRTABLE -   |  |  +-- F067211  
[2023-02-24T00:10:18.062] [INFO] AIRTABLE -   |  |  +-- K108853  
[2023-02-24T00:10:18.062] [INFO] AIRTABLE -   |  |  +-- RRM200008266  
[2023-02-24T00:10:18.062] [INFO] AIRTABLE -   |  |  +-- RRM000399695  
[2023-02-24T00:10:18.062] [INFO] AIRTABLE -   |  |  +-- RRM000399699  
[2023-02-24T00:10:18.062] [INFO] AIRTABLE -   |  |  +-- F019409  
[2023-02-24T00:10:18.062] [INFO] AIRTABLE -   |  |  +-- F083614  
[2023-02-24T00:10:18.062] [INFO] AIRTABLE -   |  |  +-- R213768A  
[2023-02-24T00:10:18.062] [INFO] AIRTABLE -   |  |  +-- F019954  
[2023-02-24T00:10:18.062] [INFO] AIRTABLE -   |  |  +-- F019422  
[2023-02-24T00:10:18.063] [INFO] AIRTABLE -   |  |  +-- K172479  
[2023-02-24T00:10:18.063] [INFO] AIRTABLE -   |  |  +-- RRM000404359  
[2023-02-24T00:10:18.063] [INFO] AIRTABLE -   |  |  +-- RRM000404363  
[2023-02-24T00:10:18.063] [INFO] AIRTABLE -   |  |  +-- RRM000404365  
[2023-02-24T00:10:18.063] [INFO] AIRTABLE -   |  |  +-- RRM000404369  
[2023-02-24T00:10:18.063] [INFO] AIRTABLE -   |  +-- RRM000391011  
[2023-02-24T00:10:18.063] [INFO] AIRTABLE -   |  +-- RRM000391013  
[2023-02-24T00:10:18.063] [INFO] AIRTABLE -   |  +-- RRM000371620  
[2023-02-24T00:10:18.063] [INFO] AIRTABLE -   |  |  +-- RRM000371625  
[2023-02-24T00:10:18.063] [INFO] AIRTABLE -   |  |  |  +-- W-J TANK 16/225 TANK 16/225 STEEL   
[2023-02-24T00:10:18.063] [INFO] AIRTABLE -   |  |  |  +-- W-J PANEL 16/225 PANEL PANEL   
[2023-02-24T00:10:18.063] [INFO] AIRTABLE -   |  |  |  +-- W-J MOTORLOCK 16/225 DIA 240 MOTOR
  COVER   
[2023-02-24T00:10:18.064] [INFO] AIRTABLE -   |  |  |  +-- K84107  
[2023-02-24T00:10:18.064] [INFO] AIRTABLE -   |  |  |  +-- FSA 127-2.0/T/12-SO7/SO78 2 x IB BV Ø19
  LEVEL GAUGE  
[2023-02-24T00:10:18.064] [INFO] AIRTABLE -   |  |  |  +-- K56336  
[2023-02-24T00:10:18.064] [INFO] AIRTABLE -   |  |  |  +-- 4-G2383 MÄTSTICKA LÄNGD 300 MM DIP-STICK  
[2023-02-24T00:10:18.064] [INFO] AIRTABLE -   |  |  |  +-- K128071  
[2023-02-24T00:10:18.064] [INFO] AIRTABLE -   |  |  |  +-- K83564  
[2023-02-24T00:10:18.065] [INFO] AIRTABLE -   |  |  |  +-- L-30 300 MM PACKNING LS300 GUMMI SEALING
  SEALING   
[2023-02-24T00:10:18.065] [INFO] AIRTABLE -   |  |  |  +-- RRM200029621  
[2023-02-24T00:10:18.065] [INFO] AIRTABLE -   |  |  |  +-- K194921  
[2023-02-24T00:10:18.065] [INFO] AIRTABLE -   |  |  |  +-- K195097  
[2023-02-24T00:10:18.065] [INFO] AIRTABLE -   |  |  |  +-- K195149  
[2023-02-24T00:10:18.065] [INFO] AIRTABLE -   |  |  |  +-- K197359  
[2023-02-24T00:10:18.065] [INFO] AIRTABLE -   |  |  |  +-- K49608  
[2023-02-24T00:10:18.065] [INFO] AIRTABLE -   |  |  |  +-- M3AA 132M 4 186 (3.1 DNV) MOTOR  
[2023-02-24T00:10:18.065] [INFO] AIRTABLE -   |  |  |  +-- SPECMA-485B (3.1) MANIFOLD   
[2023-02-24T00:10:18.066] [INFO] AIRTABLE -   |  |  |  +-- K197448  
[2023-02-24T00:10:18.066] [INFO] AIRTABLE -   |  |  |  +-- K68219  
[2023-02-24T00:10:18.066] [INFO] AIRTABLE -   |  |  |  +-- F083048  
[2023-02-24T00:10:18.066] [INFO] AIRTABLE -   |  |  |  +-- K112083  
[2023-02-24T00:10:18.066] [INFO] AIRTABLE -   |  |  |  +-- F074986  
[2023-02-24T00:10:18.066] [INFO] AIRTABLE -   |  |  |  +-- F090598  
[2023-02-24T00:10:18.066] [INFO] AIRTABLE -   |  |  |  +-- F090597  
[2023-02-24T00:10:18.066] [INFO] AIRTABLE -   |  |  |  +-- RRM200029630  
[2023-02-24T00:10:18.066] [INFO] AIRTABLE -   |  |  |  +-- RRM200015467  
[2023-02-24T00:10:18.066] [INFO] AIRTABLE -   |  |  |  +-- RRM200029630  
[2023-02-24T00:10:18.066] [INFO] AIRTABLE -   |  |  |  +-- RRM200015467  
[2023-02-24T00:10:18.066] [INFO] AIRTABLE -   |  |  |  +-- S801162  
[2023-02-24T00:10:18.066] [INFO] AIRTABLE -   |  |  |  +-- RRM200033437  
[2023-02-24T00:10:18.067] [INFO] AIRTABLE -   |  |  |  +-- K61879  
[2023-02-24T00:10:18.067] [INFO] AIRTABLE -   |  |  |  +-- K57697  
[2023-02-24T00:10:18.067] [INFO] AIRTABLE -   |  |  |  +-- K192560  
[2023-02-24T00:10:18.067] [INFO] AIRTABLE -   |  |  |  +-- K197071  
[2023-02-24T00:10:18.067] [INFO] AIRTABLE -   |  |  |  +-- RRM200021298  
[2023-02-24T00:10:18.067] [INFO] AIRTABLE -   |  |  |  +-- F074445  
[2023-02-24T00:10:18.067] [INFO] AIRTABLE -   |  |  |  +-- Fliter Manifold Specma-531B GGG40
  (3.1-Cert) MANIFOLD   
[2023-02-24T00:10:18.067] [INFO] AIRTABLE -   |  |  |  +-- K46802  
[2023-02-24T00:10:18.067] [INFO] AIRTABLE -   |  |  |  +-- K114948  
[2023-02-24T00:10:18.068] [INFO] AIRTABLE -   |  |  |  +-- K193685  
[2023-02-24T00:10:18.068] [INFO] AIRTABLE -   |  |  |  +-- CXCD-XFN BACKVENTIL CHECK VALVE  
[2023-02-24T00:10:18.068] [INFO] AIRTABLE -   |  |  |  +-- Connection manifold Specma-532 (3.1 Cert)
  MANIFOLD   
[2023-02-24T00:10:18.068] [INFO] AIRTABLE -   |  |  |  +-- K197701  
[2023-02-24T00:10:18.068] [INFO] AIRTABLE -   |  |  |  +-- RRM200002143  
[2023-02-24T00:10:18.068] [INFO] AIRTABLE -   |  |  |  +-- RRM000243233  
[2023-02-24T00:10:18.068] [INFO] AIRTABLE -   |  |  |  +-- RRM000243234  
[2023-02-24T00:10:18.068] [INFO] AIRTABLE -   |  |  |  +-- RRM000243236  
[2023-02-24T00:10:18.069] [INFO] AIRTABLE -   |  |  |  +-- W-J TÄCKPLATTA COVER PLATE  
[2023-02-24T00:10:18.070] [INFO] AIRTABLE -   |  |  |  +-- K193459  
[2023-02-24T00:10:18.070] [INFO] AIRTABLE -   |  |  |  +-- K193460  
[2023-02-24T00:10:18.070] [INFO] AIRTABLE -   |  |  |  +-- F0744983  
[2023-02-24T00:10:18.070] [INFO] AIRTABLE -   |  |  |  +-- K130826  
[2023-02-24T00:10:18.070] [INFO] AIRTABLE -   |  |  |  +-- ELLÅDA ISO07 16/225 5stn EL-BOX  
[2023-02-24T00:10:18.070] [INFO] AIRTABLE -   |  |  |  +-- K78840  
[2023-02-24T00:10:18.070] [INFO] AIRTABLE -   |  |  |  +-- Schematic sign 16/225 Special WJ
  SCHEMATIC SIGN  
[2023-02-24T00:10:18.070] [INFO] AIRTABLE -   |  |  |  +-- DATASKYLT DATA  
[2023-02-24T00:10:18.070] [INFO] AIRTABLE -   |  |  |  +-- SPECMA DATASKYLT_100X70X1 DATA SIGN   
[2023-02-24T00:10:18.070] [INFO] AIRTABLE -   |  |  |  +-- 4-G2348 REV.-- FÖR 16/225 SKYLT V21
  SIGN   
[2023-02-24T00:10:18.078] [INFO] AIRTABLE -   |  |  |  +-- W-J 16/225 HANDMANÖVERSKYLT SIGN   
[2023-02-24T00:10:18.078] [INFO] AIRTABLE -   |  |  |  +-- AFC-110 SAE-FLÄNS 2 ½" BLIND  FLANGE  
[2023-02-24T00:10:18.078] [INFO] AIRTABLE -   |  |  |  +-- 6000-20 1 43834 ZINKED BLIND FLANGE   
[2023-02-24T00:10:18.078] [INFO] AIRTABLE -   |  |  |  +-- RRM200030134  
[2023-02-24T00:10:18.078] [INFO] AIRTABLE -   |  |  |  +-- RRM000275135  
[2023-02-24T00:10:18.078] [INFO] AIRTABLE -   |  |  |  +-- AFC-104 SAE-FLÄNS 1 ¼" BLIND BLIND  FLANGE BLIND FLANGE  
[2023-02-24T00:10:18.078] [INFO] AIRTABLE -   |  |  |  +-- UKM-714-T3-CN-W-SW-01 (3.1) COOLER
  COOLER   
[2023-02-24T00:10:18.078] [INFO] AIRTABLE -   |  |  |  +-- RHZ 16-S G BACKVENTIL CHECK VALVE  
[2023-02-24T00:10:18.078] [INFO] AIRTABLE -   |  |  +-- RRM000384430  
[2023-02-24T00:10:18.078] [INFO] AIRTABLE -   |  |  +-- RRM000380710  
[2023-02-24T00:10:18.078] [INFO] AIRTABLE -   |  |  |  +-- F083479  
[2023-02-24T00:10:18.079] [INFO] AIRTABLE -   |  |  |  +-- K109002  
[2023-02-24T00:10:18.079] [INFO] AIRTABLE -   |  |  |  +-- RRM000384380  
[2023-02-24T00:10:18.079] [INFO] AIRTABLE -   |  |  |  +-- F083368  
[2023-02-24T00:10:18.079] [INFO] AIRTABLE -   |  |  |  +-- RRM000380720  
[2023-02-24T00:10:18.079] [INFO] AIRTABLE -   |  |  +-- R131125A  
[2023-02-24T00:10:18.079] [INFO] AIRTABLE -   |  |  |  +-- CBGG-LJN  
[2023-02-24T00:10:18.079] [INFO] AIRTABLE -   |  |  |  +-- YJQ/M-Z  
[2023-02-24T00:10:18.079] [INFO] AIRTABLE -   |  |  +-- RRM200004003  
[2023-02-24T00:10:18.079] [INFO] AIRTABLE -   |  |   +-- 42 E -20 Clamp   
[2023-02-24T00:10:18.079] [INFO] AIRTABLE -   |  |   +-- 602-16 L=1000 mm Hose  
[2023-02-24T00:10:18.079] [INFO] AIRTABLE -   |  |   +-- MSG3-16-16 Socket  
[2023-02-24T00:10:18.079] [INFO] AIRTABLE -   |  +-- RRM000371625  
[2023-02-24T00:10:18.079] [INFO] AIRTABLE -   |  +-- RRM000371630  
[2023-02-24T00:10:18.079] [INFO] AIRTABLE -   |  |  +-- RRM000371631  
[2023-02-24T00:10:18.080] [INFO] AIRTABLE -   |  |  |  +-- K194552  
[2023-02-24T00:10:18.080] [INFO] AIRTABLE -   |  |  |  +-- K84107  
[2023-02-24T00:10:18.080] [INFO] AIRTABLE -   |  |  |  +-- K56336  
[2023-02-24T00:10:18.080] [INFO] AIRTABLE -   |  |  |  +-- MTCLA/Z 1/2" MÄTSTICKA SOUNDING ROD   
[2023-02-24T00:10:18.080] [INFO] AIRTABLE -   |  |  |  +-- K102646  
[2023-02-24T00:10:18.080] [INFO] AIRTABLE -   |  |  |  +-- RRM200030016  
[2023-02-24T00:10:18.080] [INFO] AIRTABLE -   |  |  |  +-- RRM200007678  
[2023-02-24T00:10:18.081] [INFO] AIRTABLE -   |  |  |  +-- K190383  
[2023-02-24T00:10:18.081] [INFO] AIRTABLE -   |  |  |  +-- RRM200021458  
[2023-02-24T00:10:18.081] [INFO] AIRTABLE -   |  |  |  +-- RRM000263837  
[2023-02-24T00:10:18.081] [INFO] AIRTABLE -   |  |  |  +-- K195149  
[2023-02-24T00:10:18.081] [INFO] AIRTABLE -   |  |  |  +-- K197359  
[2023-02-24T00:10:18.081] [INFO] AIRTABLE -   |  |  |  +-- M3AA 90 LD 4 186 (3.1 DNV) ELMOTOR MOTOR   
[2023-02-24T00:10:18.081] [INFO] AIRTABLE -   |  |  |  +-- JMS-531B ALUMINIUM -3.1 FILTERBLOCK MANIFOLD   
[2023-02-24T00:10:18.081] [INFO] AIRTABLE -   |  |  |  +-- K110923  
[2023-02-24T00:10:18.081] [INFO] AIRTABLE -   |  |  |  +-- K114948  
[2023-02-24T00:10:18.081] [INFO] AIRTABLE -   |  |  |  +-- K193685  
[2023-02-24T00:10:18.081] [INFO] AIRTABLE -   |  |  |  +-- F083657  
[2023-02-24T00:10:18.081] [INFO] AIRTABLE -   |  |  |  +-- K191867  
[2023-02-24T00:10:18.081] [INFO] AIRTABLE -   |  |  |  +-- RRM200018522  
[2023-02-24T00:10:18.081] [INFO] AIRTABLE -   |  |  |  +-- K197067  
[2023-02-24T00:10:18.081] [INFO] AIRTABLE -   |  |  |  +-- RRM200002143  
[2023-02-24T00:10:18.082] [INFO] AIRTABLE -   |  |  |  +-- RRM000243233  
[2023-02-24T00:10:18.082] [INFO] AIRTABLE -   |  |  |  +-- RRM200030049  
[2023-02-24T00:10:18.082] [INFO] AIRTABLE -   |  |  |  +-- K193460  
[2023-02-24T00:10:18.082] [INFO] AIRTABLE -   |  |  |  +-- RRM20002125  
[2023-02-24T00:10:18.082] [INFO] AIRTABLE -   |  |  |  +-- K196375  
[2023-02-24T00:10:18.082] [INFO] AIRTABLE -   |  |  |  +-- K196991  
[2023-02-24T00:10:18.082] [INFO] AIRTABLE -   |  |  |  +-- 130530 FÖRBINDNINGSSCHEMA WIRING DIAGRAM   
[2023-02-24T00:10:18.082] [INFO] AIRTABLE -   |  |  |  +-- W-J KOPPLINGSBOX SA24-80 SA24-80 HYTAC KOPPLINGSBOX CONNECTION BOX   
[2023-02-24T00:10:18.082] [INFO] AIRTABLE -   |  |  |  +-- SCHEMASKYLT SA24 / SA80 SCHEMASKYLT DIAGRAM SIGN   
[2023-02-24T00:10:18.082] [INFO] AIRTABLE -   |  |  |  +-- DATASKYLT DATASKYLT DATA SIGN   
[2023-02-24T00:10:18.082] [INFO] AIRTABLE -   |  |  |  +-- SPECMA DATASKYLT_100X70X1 SPECMA DATASKYLT SPECMA DATA SIGN   
[2023-02-24T00:10:18.082] [INFO] AIRTABLE -   |  |  |  +-- RRM200032452  
[2023-02-24T00:10:18.082] [INFO] AIRTABLE -   |  |  |  +-- K194950  
[2023-02-24T00:10:18.082] [INFO] AIRTABLE -   |  |  |  +-- K90747  
[2023-02-24T00:10:18.082] [INFO] AIRTABLE -   |  |  |  +-- K193461  
[2023-02-24T00:10:18.083] [INFO] AIRTABLE -   |  |  +-- RRM000380070  
[2023-02-24T00:10:18.083] [INFO] AIRTABLE -   |  |  +-- PUMP MOTOR STARTER P21  
[2023-02-24T00:10:18.083] [INFO] AIRTABLE -   |  |  +-- VALVE G 3/4 1.0 Mpa SEA WATER RESISTANT  
[2023-02-24T00:10:18.083] [INFO] AIRTABLE -   |  |  +-- VALVE G 3/4 1.0 Mpa  
[2023-02-24T00:10:18.083] [INFO] AIRTABLE -   |  |  +-- DMN000270960  
[2023-02-24T00:10:18.083] [INFO] AIRTABLE -   |  |  +-- RRM000358614  
[2023-02-24T00:10:18.083] [INFO] AIRTABLE -   |  +-- RRM000371910  
[2023-02-24T00:10:18.083] [INFO] AIRTABLE -   |   +-- RRM000377463  
[2023-02-24T00:10:18.083] [INFO] AIRTABLE -   |    +-- RRM000219356  
[2023-02-24T00:10:18.083] [INFO] AIRTABLE -   +-- RRM000356768  
